------------------------------------------------
2025-05-23 12:09:50 [SYSTEM] PicSim Logger gestartet
2025-05-23 12:09:50 [INFO] Simulator constructed
2025-05-23 12:09:50 [INFO] Instruction CLRW with arguments []
2025-05-23 12:09:50 [INFO] Instruction CALL with arguments [4]
2025-05-23 12:09:50 [INFO] Instruction SUBLW with arguments [200]
2025-05-23 12:09:50 [INFO] Instruction GOTO with arguments [1]
2025-05-23 12:09:50 [INFO] Instruction CALL with arguments [8]
2025-05-23 12:09:50 [INFO] Instruction ADDLW with arguments [8]
2025-05-23 12:09:50 [INFO] Instruction MOVWF with arguments [0, 32]
2025-05-23 12:09:50 [INFO] Instruction RETLW with arguments [240]
2025-05-23 12:09:50 [INFO] Instruction CALL with arguments [11]
2025-05-23 12:09:50 [INFO] Instruction ADDLW with arguments [7]
2025-05-23 12:09:50 [INFO] Instruction RETURN with arguments []
2025-05-23 12:09:50 [INFO] Instruction CALL with arguments [14]
2025-05-23 12:09:50 [INFO] Instruction ADDLW with arguments [6]
2025-05-23 12:09:50 [INFO] Instruction RETURN with arguments []
2025-05-23 12:09:50 [INFO] Instruction CALL with arguments [17]
2025-05-23 12:09:50 [INFO] Instruction ADDLW with arguments [5]
2025-05-23 12:09:50 [INFO] Instruction RETURN with arguments []
2025-05-23 12:09:50 [INFO] Instruction CALL with arguments [20]
2025-05-23 12:09:50 [INFO] Instruction ADDLW with arguments [4]
2025-05-23 12:09:50 [INFO] Instruction RETURN with arguments []
2025-05-23 12:09:50 [INFO] Instruction CALL with arguments [23]
2025-05-23 12:09:50 [INFO] Instruction ADDLW with arguments [3]
2025-05-23 12:09:50 [INFO] Instruction RETURN with arguments []
2025-05-23 12:09:50 [INFO] Instruction CALL with arguments [26]
2025-05-23 12:09:50 [INFO] Instruction ADDLW with arguments [2]
2025-05-23 12:09:50 [INFO] Instruction RETURN with arguments []
2025-05-23 12:09:50 [INFO] Instruction IORLW with arguments [0]
2025-05-23 12:09:50 [INFO] Instruction BTFSS with arguments [2, 3]
2025-05-23 12:09:50 [INFO] Instruction CALL with arguments [31]
2025-05-23 12:09:50 [INFO] Instruction ADDLW with arguments [1]
2025-05-23 12:09:50 [INFO] Instruction RETURN with arguments []
2025-05-23 12:09:50 [INFO] Instruction MOVLW with arguments [5]
2025-05-23 12:09:50 [INFO] Instruction RETURN with arguments []
2025-05-23 12:09:50 [INFO] Instruction GOTO with arguments [33]
2025-05-23 12:09:50 [INFO] set value: 0 to address: 0
2025-05-23 12:09:50 [INFO] set value: 0 to address: 1
2025-05-23 12:09:50 [INFO] set value: 0 to address: 2
2025-05-23 12:09:50 [INFO] set value: 24 to address: 3
2025-05-23 12:09:50 [INFO] set value: 0 to address: 4
2025-05-23 12:09:50 [INFO] set value: 0 to address: 5
2025-05-23 12:09:50 [INFO] set value: 0 to address: 6
2025-05-23 12:09:50 [INFO] set value: 0 to address: 8
2025-05-23 12:09:50 [INFO] set value: 0 to address: 9
2025-05-23 12:09:50 [INFO] set value: 0 to address: 10
2025-05-23 12:09:50 [INFO] set value: 0 to address: 11
2025-05-23 12:09:50 [INFO] set value: 255 to address: 1
2025-05-23 12:09:50 [INFO] set value: 31 to address: 5
2025-05-23 12:09:50 [INFO] set value: 255 to address: 6
2025-05-23 12:09:50 [INFO] set value: 0 to address: 8
2025-05-23 12:09:50 [INFO] set value: 0 to address: 9
2025-05-23 12:09:50 [INFO] Simulator reset
2025-05-23 12:22:11 [INFO] Simulator destructed
